<?xml version="1.0" encoding="UTF-8"?>
<!-- Generated by org.testng.reporters.JUnitReportReporter -->
<testsuite skipped="0" hostname="SUNNY-PC" name="com.zoopla.qa.testcases.SearchPageTest" tests="1" failures="0" timestamp="07 Apr 2019 08:58:32 GMT" time="67.856" errors="0">
  <testcase name="searchTest" time="67.856" classname="com.zoopla.qa.testcases.SearchPageTest"/>
</testsuite> <!-- com.zoopla.qa.testcases.SearchPageTest -->
